{"/Users/zzc0de/Documents/hh-todo/src/constants/todos.ts": {"path":"/Users/zzc0de/Documents/hh-todo/src/constants/todos.ts","statementMap":{"0":{"start":{"line":1,"column":13},"end":{"line":1,"column":48}},"1":{"start":{"line":2,"column":13},"end":{"line":2,"column":null}},"2":{"start":{"line":3,"column":13},"end":{"line":3,"column":29}},"3":{"start":{"line":4,"column":13},"end":{"line":4,"column":45}},"4":{"start":{"line":5,"column":13},"end":{"line":5,"column":34}}},"fnMap":{},"branchMap":{},"s":{"0":0,"1":0,"2":0,"3":0,"4":0},"f":{},"b":{}}
,"/Users/zzc0de/Documents/hh-todo/src/hooks/useCountHook.ts": {"path":"/Users/zzc0de/Documents/hh-todo/src/hooks/useCountHook.ts","statementMap":{"0":{"start":{"line":1,"column":21},"end":{"line":14,"column":1}},"1":{"start":{"line":2,"column":26},"end":{"line":12,"column":5}},"2":{"start":{"line":3,"column":23},"end":{"line":3,"column":66}},"3":{"start":{"line":4,"column":8},"end":{"line":11,"column":9}},"4":{"start":{"line":6,"column":16},"end":{"line":6,"column":46}},"5":{"start":{"line":8,"column":16},"end":{"line":8,"column":46}},"6":{"start":{"line":10,"column":16},"end":{"line":10,"column":46}},"7":{"start":{"line":13,"column":4},"end":{"line":13,"column":null}},"8":{"start":{"line":16,"column":8},"end":{"line":16,"column":20}}},"fnMap":{"0":{"name":"(anonymous_0)","decl":{"start":{"line":1,"column":21},"end":{"line":1,"column":24}},"loc":{"start":{"line":1,"column":26},"end":{"line":14,"column":1}}},"1":{"name":"(anonymous_1)","decl":{"start":{"line":2,"column":26},"end":{"line":2,"column":27}},"loc":{"start":{"line":2,"column":60},"end":{"line":12,"column":5}}}},"branchMap":{"0":{"loc":{"start":{"line":4,"column":8},"end":{"line":11,"column":9}},"type":"switch","locations":[{"start":{"line":5,"column":12},"end":{"line":6,"column":46}},{"start":{"line":7,"column":12},"end":{"line":8,"column":46}},{"start":{"line":9,"column":12},"end":{"line":10,"column":46}}]}},"s":{"0":0,"1":0,"2":0,"3":0,"4":0,"5":0,"6":0,"7":0,"8":0},"f":{"0":0,"1":0},"b":{"0":[0,0,0]}}
,"/Users/zzc0de/Documents/hh-todo/src/hooks/useReduxHook.ts": {"path":"/Users/zzc0de/Documents/hh-todo/src/hooks/useReduxHook.ts","statementMap":{"0":{"start":{"line":1,"column":0},"end":{"line":1,"column":55}},"1":{"start":{"line":5,"column":13},"end":{"line":5,"column":67}},"2":{"start":{"line":6,"column":13},"end":{"line":6,"column":65}}},"fnMap":{},"branchMap":{},"s":{"0":0,"1":0,"2":0},"f":{},"b":{}}
,"/Users/zzc0de/Documents/hh-todo/src/mocks/fileMock.js": {"path":"/Users/zzc0de/Documents/hh-todo/src/mocks/fileMock.js","statementMap":{},"fnMap":{},"branchMap":{},"s":{},"f":{},"b":{},"inputSourceMap":null}
,"/Users/zzc0de/Documents/hh-todo/src/store/TodoSlice.ts": {"path":"/Users/zzc0de/Documents/hh-todo/src/store/TodoSlice.ts","statementMap":{"0":{"start":{"line":1,"column":0},"end":{"line":1,"column":47}},"1":{"start":{"line":3,"column":0},"end":{"line":3,"column":36}},"2":{"start":{"line":7,"column":32},"end":{"line":10,"column":2}},"3":{"start":{"line":12,"column":13},"end":{"line":61,"column":3}},"4":{"start":{"line":17,"column":12},"end":{"line":19,"column":null}},"5":{"start":{"line":23,"column":30},"end":{"line":23,"column":38}},"6":{"start":{"line":24,"column":31},"end":{"line":28,"column":null}},"7":{"start":{"line":29,"column":12},"end":{"line":29,"column":35}},"8":{"start":{"line":32,"column":25},"end":{"line":32,"column":79}},"9":{"start":{"line":32,"column":52},"end":{"line":32,"column":78}},"10":{"start":{"line":33,"column":12},"end":{"line":33,"column":49}},"11":{"start":{"line":33,"column":22},"end":{"line":33,"column":49}},"12":{"start":{"line":36,"column":12},"end":{"line":38,"column":null}},"13":{"start":{"line":38,"column":55},"end":{"line":38,"column":76}},"14":{"start":{"line":42,"column":23},"end":{"line":42,"column":37}},"15":{"start":{"line":43,"column":12},"end":{"line":58,"column":13}},"16":{"start":{"line":44,"column":14},"end":{"line":46,"column":null}},"17":{"start":{"line":46,"column":60},"end":{"line":46,"column":72}},"18":{"start":{"line":48,"column":19},"end":{"line":58,"column":13}},"19":{"start":{"line":49,"column":14},"end":{"line":51,"column":null}},"20":{"start":{"line":51,"column":60},"end":{"line":51,"column":71}},"21":{"start":{"line":54,"column":14},"end":{"line":56,"column":null}},"22":{"start":{"line":63,"column":13},"end":{"line":63,"column":80}},"23":{"start":{"line":64,"column":0},"end":{"line":64,"column":33}}},"fnMap":{"0":{"name":"(anonymous_0)","decl":{"start":{"line":16,"column":18},"end":{"line":16,"column":19}},"loc":{"start":{"line":16,"column":28},"end":{"line":21,"column":9}}},"1":{"name":"(anonymous_1)","decl":{"start":{"line":22,"column":17},"end":{"line":22,"column":18}},"loc":{"start":{"line":22,"column":58},"end":{"line":30,"column":9}}},"2":{"name":"(anonymous_2)","decl":{"start":{"line":31,"column":20},"end":{"line":31,"column":21}},"loc":{"start":{"line":31,"column":60},"end":{"line":34,"column":9}}},"3":{"name":"(anonymous_3)","decl":{"start":{"line":32,"column":42},"end":{"line":32,"column":43}},"loc":{"start":{"line":32,"column":52},"end":{"line":32,"column":78}}},"4":{"name":"(anonymous_4)","decl":{"start":{"line":35,"column":30},"end":{"line":35,"column":31}},"loc":{"start":{"line":35,"column":40},"end":{"line":40,"column":9}}},"5":{"name":"(anonymous_5)","decl":{"start":{"line":38,"column":45},"end":{"line":38,"column":46}},"loc":{"start":{"line":38,"column":55},"end":{"line":38,"column":76}}},"6":{"name":"(anonymous_6)","decl":{"start":{"line":41,"column":19},"end":{"line":41,"column":20}},"loc":{"start":{"line":41,"column":59},"end":{"line":59,"column":9}}},"7":{"name":"(anonymous_7)","decl":{"start":{"line":46,"column":50},"end":{"line":46,"column":51}},"loc":{"start":{"line":46,"column":60},"end":{"line":46,"column":72}}},"8":{"name":"(anonymous_8)","decl":{"start":{"line":51,"column":50},"end":{"line":51,"column":51}},"loc":{"start":{"line":51,"column":60},"end":{"line":51,"column":71}}}},"branchMap":{"0":{"loc":{"start":{"line":33,"column":12},"end":{"line":33,"column":49}},"type":"if","locations":[{"start":{"line":33,"column":12},"end":{"line":33,"column":49}}]},"1":{"loc":{"start":{"line":43,"column":12},"end":{"line":58,"column":13}},"type":"if","locations":[{"start":{"line":43,"column":12},"end":{"line":58,"column":13}},{"start":{"line":48,"column":19},"end":{"line":58,"column":13}}]},"2":{"loc":{"start":{"line":48,"column":19},"end":{"line":58,"column":13}},"type":"if","locations":[{"start":{"line":48,"column":19},"end":{"line":58,"column":13}},{"start":{"line":53,"column":19},"end":{"line":58,"column":13}}]}},"s":{"0":0,"1":0,"2":0,"3":0,"4":0,"5":0,"6":0,"7":0,"8":0,"9":0,"10":0,"11":0,"12":0,"13":0,"14":0,"15":0,"16":0,"17":0,"18":0,"19":0,"20":0,"21":0,"22":0,"23":0},"f":{"0":0,"1":0,"2":0,"3":0,"4":0,"5":0,"6":0,"7":0,"8":0},"b":{"0":[0],"1":[0,0],"2":[0,0]}}
,"/Users/zzc0de/Documents/hh-todo/src/store/store.ts": {"path":"/Users/zzc0de/Documents/hh-todo/src/store/store.ts","statementMap":{"0":{"start":{"line":1,"column":0},"end":{"line":1,"column":50}},"1":{"start":{"line":2,"column":0},"end":{"line":2,"column":40}},"2":{"start":{"line":4,"column":14},"end":{"line":8,"column":2}},"3":{"start":{"line":10,"column":0},"end":{"line":10,"column":21}}},"fnMap":{},"branchMap":{},"s":{"0":0,"1":0,"2":0,"3":0},"f":{},"b":{}}
,"/Users/zzc0de/Documents/hh-todo/src/utils/menuData.ts": {"path":"/Users/zzc0de/Documents/hh-todo/src/utils/menuData.ts","statementMap":{"0":{"start":{"line":1,"column":13},"end":{"line":5,"column":4}},"1":{"start":{"line":6,"column":13},"end":{"line":6,"column":47}}},"fnMap":{},"branchMap":{},"s":{"0":0,"1":0},"f":{},"b":{}}
}
